<?xml version="1.0" encoding="UTF-8"?>
<testsuite xmlns:xsi="http://www.w3.org/2001/XMLSchema-instance" xsi:noNamespaceSchemaLocation="https://maven.apache.org/surefire/maven-surefire-plugin/xsd/surefire-test-report.xsd" name="com.demo.ops.WorkflowInteractionControllerTest" time="7.076" tests="6" errors="0" skipped="0" failures="0">
  <properties>
[...]
</properties>
  <testcase name="aircraftRetrievalShouldBlockWithoutClarifyConfirmation" classname="com.demo.ops.WorkflowInteractionControllerTest" time="0.988"/>
  <testcase name="equipmentFeedbackShouldReturnReceiptAfterSelection" classname="com.demo.ops.WorkflowInteractionControllerTest" time="0.027"/>
  <testcase name="aircraftRetrievalShouldReturnCompressedSummariesAfterClarify" classname="com.demo.ops.WorkflowInteractionControllerTest" time="0.022"/>
  <testcase name="aircraftExecutionShouldReturnOptionsAfterClarify" classname="com.demo.ops.WorkflowInteractionControllerTest" time="0.023"/>
  <testcase name="equipmentRetrievalShouldReturnCompressedSummariesAfterClarify" classname="com.demo.ops.WorkflowInteractionControllerTest" time="0.009"/>
  <testcase name="aircraftClarifyShouldReturnCompactBasicInfo" classname="com.demo.ops.WorkflowInteractionControllerTest" time="0.011"/>
</testsuite>